<?xml version="1.0" encoding="UTF-8"?>
<!-- Generated by org.testng.reporters.JUnitXMLReporter -->
<testsuite ignored="0" hostname="IN-PG02A8M3" failures="0" tests="4" name="Test1" time="14.025" errors="0" timestamp="29 Sep 2023 08:21:49 GMT">
  <testcase classname="CRUD_Operations.LoginAPI" name="login" time="6.136"/>
  <testcase classname="CRUD_Operations.CreateAPI" name="createBooking" time="2.784"/>
  <testcase classname="CRUD_Operations.GetAPI" name="getBookingRecord" time="2.507"/>
  <testcase classname="CRUD_Operations.UpdateAPI" name="updateBookingRecord" time="2.575"/>
</testsuite> <!-- Test1 -->
