<?xml version="1.0" encoding="UTF-8"?>
<!-- Generated by org.testng.reporters.JUnitXMLReporter -->
<testsuite ignored="0" hostname="IN-PG02A8M3" failures="0" tests="3" name="Test3" time="6.227" errors="0" timestamp="29 Sep 2023 08:21:58 GMT">
  <testcase classname="CRUD_Operations.CreateAPI" name="createBooking" time="2.462"/>
  <testcase classname="CRUD_Operations.PartialUpdateAPI" name="partialUpdate_BookingRecord" time="2.514"/>
  <testcase classname="CRUD_Operations.DeleteAPI" name="deleteBookingRecord" time="1.25"/>
</testsuite> <!-- Test3 -->
